PLINK v1.90b4 64-bit (20 Mar 2017)
Options in effect:
  --bfile SAP_phyllotaxy_filtered
  --chr 5
  --ld-snp Chr05_12109370
  --ld-window 99999
  --ld-window-kb 99999
  --ld-window-r2 0
  --out LD_Chr05_12109370
  --r2

Hostname: c2507.swan.hcc.unl.edu
Working directory: /lustre/work/schnablelab/jdavis132/phyllotaxy2024/genotype
Start time: Wed Sep 11 19:41:05 2024

Random number seed: 1726101665
385087 MB RAM detected; reserving 192543 MB for main workspace.
506723 out of 4693810 variants loaded from .bim file.
218 people (0 males, 0 females, 218 ambiguous) loaded from .fam.
Ambiguous sex IDs written to LD_Chr05_12109370.nosex .
Using up to 19 threads (change this with --threads).
Before main variant filters, 218 founders and 0 nonfounders present.
Calculating allele frequencies... done.
506723 variants and 218 people pass filters and QC.
Note: No phenotypes present.
--r2 to LD_Chr05_12109370.ld ... done.

End time: Wed Sep 11 19:41:06 2024
